<?xml version="1.0" encoding="utf-8"?><testsuites name="pytest tests"><testsuite name="pytest" errors="0" failures="0" skipped="0" tests="27" time="5.143" timestamp="2026-08-14T20:16:05.340511+00:00" hostname="agent-env-2544e89e-c4d9-44e0-bd2a-4163c0aafd9e"><testcase classname="tests.backend_test.TestSignup" name="test_signup_creates_user_with_ips" time="0.697" /><testcase classname="tests.backend_test.TestAdmin" name="test_admin_users_forbidden_for_viewer" time="0.994" /><testcase classname="tests.backend_test.TestSignup" name="test_signup_duplicate_email" time="0.379" /><testcase classname="tests.backend_test.TestAdmin" name="test_admin_users_no_auth" time="0.129" /><testcase classname="tests.backend_test.TestSignup" name="test_signup_duplicate_nickname" time="0.075" /><testcase classname="tests.backend_test.TestSignup" name="test_signup_invalid_nickname_short" time="0.273" /><testcase classname="tests.backend_test.TestAdmin" name="test_admin_users_ok" time="0.452" /><testcase classname="tests.backend_test.TestSignup" name="test_signup_short_password" time="0.078" /><testcase classname="tests.backend_test.TestProtected" name="test_create_game_unauth" time="0.125" /><testcase classname="tests.backend_test.TestAdmin" name="test_export_csv_no_password" time="0.134" /><testcase classname="tests.backend_test.TestProtected" name="test_create_clip_unauth" time="0.120" /><testcase classname="tests.backend_test.TestAdmin" name="test_export_txt_no_password" time="0.154" /><testcase classname="tests.backend_test.TestProtected" name="test_create_comment_unauth" time="0.123" /><testcase classname="tests.backend_test.TestAdmin" name="test_export_invalid_format" time="0.163" /><testcase classname="tests.backend_test.TestProtected" name="test_create_report_unauth" time="0.159" /><testcase classname="tests.backend_test.TestPublic" name="test_root" time="0.064" /><testcase classname="tests.backend_test.TestLogin" name="test_login_admin" time="0.346" /><testcase classname="tests.backend_test.TestPublic" name="test_public_reads" time="0.878" /><testcase classname="tests.backend_test.TestLogin" name="test_login_viewer_updates_last_ip" time="0.299" /><testcase classname="tests.backend_test.TestLogin" name="test_login_wrong_password" time="0.298" /><testcase classname="tests.backend_test.TestPublic" name="test_comments_public" time="0.076" /><testcase classname="tests.backend_test.TestAuthMe" name="test_me_no_token" time="0.152" /><testcase classname="tests.backend_test.TestVotingLikes" name="test_game_vote_once" time="0.765" /><testcase classname="tests.backend_test.TestAuthMe" name="test_me_with_token" time="0.140" /><testcase classname="tests.backend_test.TestReports" name="test_report_create_and_admin_resolve" time="0.875" /><testcase classname="tests.backend_test.TestVotingLikes" name="test_clip_like_once" time="0.393" /><testcase classname="tests.backend_test.TestVotingLikes" name="test_poll_vote_once" time="0.416" /></testsuite></testsuites>